<?xml version="1.0" encoding="UTF-8" ?>
<testsuite errors="0" failures="0" hostname="User-PC" name="com.yahoo.mfatogun.BDDproject1.TestRnner" skipped="8" tests="30" time="489.528" timestamp="2016-12-16T16:58:41">
  <properties>
[...]
</properties>
  <testcase classname="| New Cars | mm_mike |  | sonsofgod | mm_mike |" name="Given am on car wale stie" time="0.001" />
  <testcase classname="| New Cars | mm_mike |  | sonsofgod | mm_mike |" name="When clcik to login" time="0.001" />
  <testcase classname="| New Cars | mm_mike |  | sonsofgod | mm_mike |" name="And enter mail as &quot;mm_mike&quot; and passwd as &quot;sonsofgod&quot;" time="0.0" />
  <testcase classname="| New Cars | mm_mike |  | sonsofgod | mm_mike |" name="And clck sgn n bttn" time="0.0" />
  <testcase classname="| New Cars | mm_mike |  | sonsofgod | mm_mike |" name="Then logn as my logn name &quot;mm_mike&quot;" time="0.0">
    <skipped />
  </testcase>
  <testcase classname="| New Cars | mm_mike |  | sonsofgod | mm_mike |" name="And l logn out" time="0.0">
    <skipped />
  </testcase>
  <testcase classname="| New Cars | mm_mike |  | sonsofgod | mm_mike |" name="Then l close browser" time="0.001">
    <skipped />
  </testcase>
  <testcase classname="junit.framework.TestSuite" name="| New Cars | mm_mike |  | sonsofgod | mm_mike |" time="417.416">
    <skipped />
  </testcase>
  <testcase classname="| used Cars | mfatogun50@yahoo.com |  | sonsofgod | mfatogun50@yahoo.com |" name="Given am on car wale stie" time="0.0" />
  <testcase classname="| used Cars | mfatogun50@yahoo.com |  | sonsofgod | mfatogun50@yahoo.com |" name="When clcik to login" time="0.0" />
  <testcase classname="| used Cars | mfatogun50@yahoo.com |  | sonsofgod | mfatogun50@yahoo.com |" name="And enter mail as &quot;mfatogun50@yahoo.com&quot; and passwd as &quot;sonsofgod&quot;" time="0.001" />
  <testcase classname="| used Cars | mfatogun50@yahoo.com |  | sonsofgod | mfatogun50@yahoo.com |" name="And clck sgn n bttn" time="0.0" />
  <testcase classname="| used Cars | mfatogun50@yahoo.com |  | sonsofgod | mfatogun50@yahoo.com |" name="Then logn as my logn name &quot;mfatogun50@yahoo.com&quot;" time="0.0">
    <skipped />
  </testcase>
  <testcase classname="| used Cars | mfatogun50@yahoo.com |  | sonsofgod | mfatogun50@yahoo.com |" name="And l logn out" time="0.0">
    <skipped />
  </testcase>
  <testcase classname="| used Cars | mfatogun50@yahoo.com |  | sonsofgod | mfatogun50@yahoo.com |" name="Then l close browser" time="0.0">
    <skipped />
  </testcase>
  <testcase classname="junit.framework.TestSuite" name="| used Cars | mfatogun50@yahoo.com |  | sonsofgod | mfatogun50@yahoo.com |" time="67.876">
    <skipped />
  </testcase>
  <system-out><![CDATA[Feature: Login to car wale stie

  Scenario Outline: could login successflly                 [90m# login.feature:7[0m
    [36mWhen [0m[36mclcik to login[0m
    [36mAnd [0m[36menter mail as "<Myemail>" and passwd as "<Mypassd>"[0m
    [36mAnd [0m[36mclck sgn n bttn[0m
    [36mThen [0m[36mlogn as my logn name "<is>"[0m
    [36mAnd [0m[36ml logn out[0m
    [36mThen [0m[36ml close browser[0m

    Examples: 

  Background:                 [90m# login.feature:3[0m
    [32mGiven [0m[32mam on car wale stie[0m [90m# LgnTest.am_on_car_wale_stie()[0m

  Scenario Outline: could login successflly               [90m# login.feature:17[0m
    [32mWhen [0m[32mclcik to login[0m                                   [90m# LgnTest.clcik_to_login()[0m
    [32mAnd [0m[32menter mail as "[0m[32m[1mmm_mike[0m[32m" and passwd as "[0m[32m[1msonsofgod[0m[32m"[0m [90m# LgnTest.enter_mail_as_and_passwd_as(String,String)[0m
    [32mAnd [0m[32mclck sgn n bttn[0m                                   [90m# LgnTest.clck_sgn_n_bttn()[0m
    [33mThen [0m[33mlogn as my logn name "mm_mike"[0m
    [36mAnd [0m[36ml logn out[0m                                        [90m# LgnTest.l_logn_out()[0m
    [36mThen [0m[36ml close browser[0m                                  [90m# LgnTest.l_close_browser()[0m

  Background:                 [90m# login.feature:3[0m
    [32mGiven [0m[32mam on car wale stie[0m [90m# LgnTest.am_on_car_wale_stie()[0m

  Scenario Outline: could login successflly                            [90m# login.feature:18[0m
    [32mWhen [0m[32mclcik to login[0m                                                [90m# LgnTest.clcik_to_login()[0m
    [32mAnd [0m[32menter mail as "[0m[32m[1mmfatogun50@yahoo.com[0m[32m" and passwd as "[0m[32m[1msonsofgod[0m[32m"[0m [90m# LgnTest.enter_mail_as_and_passwd_as(String,String)[0m
    [32mAnd [0m[32mclck sgn n bttn[0m                                                [90m# LgnTest.clck_sgn_n_bttn()[0m
    [33mThen [0m[33mlogn as my logn name "mfatogun50@yahoo.com"[0m
    [36mAnd [0m[36ml logn out[0m                                                     [90m# LgnTest.l_logn_out()[0m
    [36mThen [0m[36ml close browser[0m                                               [90m# LgnTest.l_close_browser()[0m

2 Scenarios ([33m2 undefined[0m)
14 Steps ([36m4 skipped[0m, [33m2 undefined[0m, [32m8 passed[0m)
8m4.851s


You can implement missing steps with the snippets below:

@Then("^logn as my logn name \"([^\"]*)\"$")
public void logn_as_my_logn_name(String arg1) throws Throwable {
    // Write code here that turns the phrase above into concrete actions
    throw new PendingException();
}

]]></system-out>
  <system-err><![CDATA[Starting ChromeDriver 2.25.426923 (0390b88869384d6eb0d5d09729679f934aab9eed) on port 15458
Only local connections are allowed.
Starting ChromeDriver 2.25.426923 (0390b88869384d6eb0d5d09729679f934aab9eed) on port 37042
Only local connections are allowed.
]]></system-err>
</testsuite>
