<?xml version="1.0" encoding="UTF-8" ?>
<testsuite tests="18" failures="0" name="com.yahoo.mfatogun.BDDproject1.TestRnner" time="0.009" errors="0" skipped="8">
  <properties>
[...]
</properties>
  <testcase classname="| New Cars | mm_mike |  | sonsofgod | mm_mike |" name="Given am on car wale stie" time="0.009"/>
  <testcase classname="| New Cars | mm_mike |  | sonsofgod | mm_mike |" name="When clcik to login" time="0"/>
  <testcase classname="| New Cars | mm_mike |  | sonsofgod | mm_mike |" name="And enter mail as &quot;mm_mike&quot; and passwd as &quot;sonsofgod&quot;" time="0"/>
  <testcase classname="| New Cars | mm_mike |  | sonsofgod | mm_mike |" name="And clck sgn n bttn" time="0"/>
  <testcase classname="| New Cars | mm_mike |  | sonsofgod | mm_mike |" name="Then logn as my logn name &quot;mm_mike&quot;" time="0">
    <skipped/>
  </testcase>
  <testcase classname="| New Cars | mm_mike |  | sonsofgod | mm_mike |" name="And l logn out" time="0">
    <skipped/>
  </testcase>
  <testcase classname="| New Cars | mm_mike |  | sonsofgod | mm_mike |" name="Then l close browser" time="0">
    <skipped/>
  </testcase>
  <testcase classname="| New Cars | mm_mike |  | sonsofgod | mm_mike |" name="| New Cars | mm_mike |  | sonsofgod | mm_mike |" time="0">
    <skipped/>
  </testcase>
  <testcase classname="| New Cars | mm_mike |  | sonsofgod | mm_mike |" name="| New Cars | mm_mike |  | sonsofgod | mm_mike |" time="0"/>
  <testcase classname="| used Cars | mfatogun50@yahoo.com |  | sonsofgod | mfatogun50@yahoo.com |" name="Given am on car wale stie" time="0"/>
  <testcase classname="| used Cars | mfatogun50@yahoo.com |  | sonsofgod | mfatogun50@yahoo.com |" name="When clcik to login" time="0"/>
  <testcase classname="| used Cars | mfatogun50@yahoo.com |  | sonsofgod | mfatogun50@yahoo.com |" name="And enter mail as &quot;mfatogun50@yahoo.com&quot; and passwd as &quot;sonsofgod&quot;" time="0"/>
  <testcase classname="| used Cars | mfatogun50@yahoo.com |  | sonsofgod | mfatogun50@yahoo.com |" name="And clck sgn n bttn" time="0"/>
  <testcase classname="| used Cars | mfatogun50@yahoo.com |  | sonsofgod | mfatogun50@yahoo.com |" name="Then logn as my logn name &quot;mfatogun50@yahoo.com&quot;" time="0">
    <skipped/>
  </testcase>
  <testcase classname="| used Cars | mfatogun50@yahoo.com |  | sonsofgod | mfatogun50@yahoo.com |" name="And l logn out" time="0">
    <skipped/>
  </testcase>
  <testcase classname="| used Cars | mfatogun50@yahoo.com |  | sonsofgod | mfatogun50@yahoo.com |" name="Then l close browser" time="0">
    <skipped/>
  </testcase>
  <testcase classname="| used Cars | mfatogun50@yahoo.com |  | sonsofgod | mfatogun50@yahoo.com |" name="| used Cars | mfatogun50@yahoo.com |  | sonsofgod | mfatogun50@yahoo.com |" time="0">
    <skipped/>
  </testcase>
  <testcase classname="| used Cars | mfatogun50@yahoo.com |  | sonsofgod | mfatogun50@yahoo.com |" name="| used Cars | mfatogun50@yahoo.com |  | sonsofgod | mfatogun50@yahoo.com |" time="0"/>
</testsuite>